


ARM Macro Assembler    Page 1 


    1 00000000         ;/******************************************************
                       *****************
    2 00000000         ; * Project: LPC40xx startup code
    3 00000000         ; *
    4 00000000         ; * Description: LPC40xx startup code
    5 00000000         ; *
    6 00000000         ; * Copyright(C) 2011, NXP Semiconductor
    7 00000000         ; * All rights reserved.
    8 00000000         ; *
    9 00000000         ; ******************************************************
                       *****************
   10 00000000         ; * Software that is described herein is for illustrativ
                       e purposes only
   11 00000000         ; * which provides customers with programming informatio
                       n regarding the
   12 00000000         ; * products. This software is supplied "AS IS" without 
                       any warranties.
   13 00000000         ; * NXP Semiconductors assumes no responsibility or liab
                       ility for the
   14 00000000         ; * use of the software, conveys no license or title und
                       er any patent,
   15 00000000         ; * copyright, or mask work right to the product. NXP Se
                       miconductors
   16 00000000         ; * reserves the right to make changes in the software w
                       ithout
   17 00000000         ; * notification. NXP Semiconductors also make no repres
                       entation or
   18 00000000         ; * warranty that such application will be suitable for 
                       the specified
   19 00000000         ; * use without further testing or modification.
   20 00000000         ; ******************************************************
                       ****************/
   21 00000000         
   22 00000000         ; <h> Stack Configuration
   23 00000000         ;   <o> Stack Size (in Bytes) <0x0-0xFFFFFFFF:8>
   24 00000000         ; </h>
   25 00000000         
   26 00000000 00000800 
                       Stack_Size
                               EQU              0x00000800
   27 00000000         
   28 00000000                 AREA             STACK, NOINIT, READWRITE, ALIGN
=3
   29 00000000         Stack_Mem
                               SPACE            Stack_Size
   30 00000800         __initial_sp
   31 00000800         
   32 00000800         ; <h> Heap Configuration
   33 00000800         ;   <o>  Heap Size (in Bytes) <0x0-0xFFFFFFFF:8>
   34 00000800         ; </h>
   35 00000800         
   36 00000800 00000100 
                       Heap_Size
                               EQU              0x00000100
   37 00000800         
   38 00000800                 AREA             HEAP, NOINIT, READWRITE, ALIGN=
3
   39 00000000         __heap_base
   40 00000000         Heap_Mem



ARM Macro Assembler    Page 2 


                               SPACE            Heap_Size
   41 00000100         __heap_limit
   42 00000100         
   43 00000100                 PRESERVE8
   44 00000100                 THUMB
   45 00000100         
   46 00000100         ; Vector Table Mapped to Address 0 at Reset
   47 00000100         
   48 00000100                 AREA             RESET, DATA, READONLY
   49 00000000                 EXPORT           __Vectors
   50 00000000         
   51 00000000 5A5A5A5A 
                       Sign_Value
                               EQU              0x5A5A5A5A
   52 00000000         
   53 00000000 00000000 
                       __Vectors
                               DCD              __initial_sp ; 0 Top of Stack
   54 00000004 00000000        DCD              Reset_Handler ; 1 Reset Handler
                                                            
   55 00000008 00000000        DCD              NMI_Handler ; 2 NMI Handler
   56 0000000C 00000000        DCD              HardFault_Handler ; 3 Hard Faul
                                                            t Handler
   57 00000010 00000000        DCD              MemManage_Handler ; 4 MPU Fault
                                                             Handler
   58 00000014 00000000        DCD              BusFault_Handler ; 5 Bus Fault 
                                                            Handler
   59 00000018 00000000        DCD              UsageFault_Handler ; 6 Usage Fa
                                                            ult Handler
   60 0000001C 5A5A5A5A        DCD              Sign_Value  ; 7 Reserved
   61 00000020 00000000        DCD              UnHandled_Vector ; 8 Reserved
   62 00000024 00000000        DCD              UnHandled_Vector ; 9 Reserved
   63 00000028 00000000        DCD              UnHandled_Vector ; 10 Reserved
   64 0000002C 00000000        DCD              SVC_Handler ; 11 SVCall Handler
                                                            
   65 00000030 00000000        DCD              DebugMon_Handler ; 12 Debug Mon
                                                            itor Handler
   66 00000034 00000000        DCD              UnHandled_Vector ; 13 Reserved
   67 00000038 00000000        DCD              PendSV_Handler 
                                                            ; 14 PendSV Handler
                                                            
   68 0000003C 00000000        DCD              SysTick_Handler ; 15 SysTick Ha
                                                            ndler
   69 00000040         
   70 00000040         ; External Interrupts    
   71 00000040         
   72 00000040 00000000        DCD              WDT_IRQHandler 
                                                            ; 16 Watchdog Timer
                                                            
   73 00000044 00000000        DCD              TIMER0_IRQHandler ; 17 Timer0
   74 00000048 00000000        DCD              TIMER1_IRQHandler ; 18 Timer1
   75 0000004C 00000000        DCD              TIMER2_IRQHandler ; 19 Timer2
   76 00000050 00000000        DCD              TIMER3_IRQHandler ; 20 Timer3
   77 00000054 00000000        DCD              UART0_IRQHandler ; 21 UART0
   78 00000058 00000000        DCD              UART1_IRQHandler ; 22 UART1
   79 0000005C 00000000        DCD              UART2_IRQHandler ; 23 UART2
   80 00000060 00000000        DCD              UART3_IRQHandler ; 24 UART3
   81 00000064 00000000        DCD              PWM1_IRQHandler ; 25 PWM1
   82 00000068 00000000        DCD              I2C0_IRQHandler ; 26 I2C0



ARM Macro Assembler    Page 3 


   83 0000006C 00000000        DCD              I2C1_IRQHandler ; 27 I2C1
   84 00000070 00000000        DCD              I2C2_IRQHandler ; 28 I2C2
   85 00000074 00000000        DCD              UnHandled_Vector ; 29 Reserved
   86 00000078 00000000        DCD              SSP0_IRQHandler ; 30 SSP0
   87 0000007C 00000000        DCD              SSP1_IRQHandler ; 31 SSP1
   88 00000080 00000000        DCD              PLL0_IRQHandler ; 32 PLL0 Lock 
                                                            (Main PLL)
   89 00000084 00000000        DCD              RTC_IRQHandler ; 33 RTC
   90 00000088 00000000        DCD              EINT0_IRQHandler ; 34 External 
                                                            Interrupt 0
   91 0000008C 00000000        DCD              EINT1_IRQHandler ; 35 External 
                                                            Interrupt 1
   92 00000090 00000000        DCD              EINT2_IRQHandler ; 36 External 
                                                            Interrupt 2
   93 00000094 00000000        DCD              EINT3_IRQHandler ; 37 External 
                                                            Interrupt 3
   94 00000098 00000000        DCD              ADC_IRQHandler 
                                                            ; 38 A/D Converter
   95 0000009C 00000000        DCD              BOD_IRQHandler ; 39 Brown-Out D
                                                            etect
   96 000000A0 00000000        DCD              USB_IRQHandler ; 40 USB
   97 000000A4 00000000        DCD              CAN_IRQHandler ; 41 CAN
   98 000000A8 00000000        DCD              DMA_IRQHandler ; 42 General Pur
                                                            pose DMA
   99 000000AC 00000000        DCD              I2S_IRQHandler ; 43 I2S
  100 000000B0 00000000        DCD              ETH_IRQHandler ; 44 Ethernet
  101 000000B4 00000000        DCD              SDIO_IRQHandler ; 45 SD/MMC car
                                                            d I/F
  102 000000B8 00000000        DCD              MCPWM_IRQHandler ; 46 Motor Con
                                                            trol PWM
  103 000000BC 00000000        DCD              QEI_IRQHandler ; 47 QEI
  104 000000C0 00000000        DCD              PLL1_IRQHandler ; 48 PLL1 Lock 
                                                            (USB PLL)
  105 000000C4 00000000        DCD              USBActivity_IRQHandler ; 49 USB
                                                             Activity interrupt
                                                             to wakeup
  106 000000C8 00000000        DCD              CANActivity_IRQHandler ; 50 CAN
                                                             Activity interrupt
                                                             to wakeup
  107 000000CC 00000000        DCD              UART4_IRQHandler ; 51 UART4
  108 000000D0 00000000        DCD              SSP2_IRQHandler ; 52 SSP2
  109 000000D4 00000000        DCD              LCD_IRQHandler ; 53 LCD
  110 000000D8 00000000        DCD              GPIO_IRQHandler ; 54 GPIO
  111 000000DC 00000000        DCD              PWM0_IRQHandler ; 55 PWM0
  112 000000E0 00000000        DCD              EEPROM_IRQHandler 
                                                            ; 56 EEPROM    
  113 000000E4         
  114 000000E4         ;                IF      :LNOT::DEF:NO_CRP
  115 000000E4         ;                AREA    |.ARM.__at_0x02FC|, CODE, READO
                       NLY
  116 000000E4         ;CRP_Key         DCD     0xFFFFFFFF
  117 000000E4         ;                ENDIF
  118 000000E4         
  119 000000E4                 AREA             |.text|, CODE, READONLY
  120 00000000         
  121 00000000         ; Reset Handler
  122 00000000         
  123 00000000         Reset_Handler
                               PROC



ARM Macro Assembler    Page 4 


  124 00000000                 EXPORT           Reset_Handler             [WEAK
]
  125 00000000                 IMPORT           __main
  126 00000000                 IMPORT           SystemInit
  127 00000000 480A            LDR              R0, =SystemInit
  128 00000002 4780            BLX              R0
  129 00000004 480A            LDR              R0, =__main
  130 00000006 4700            BX               R0
  131 00000008                 ENDP
  132 00000008         
  133 00000008         ; Dummy Exception Handlers (infinite loops which can be 
                       modified)
  134 00000008         
  135 00000008         NMI_Handler
                               PROC
  136 00000008                 EXPORT           NMI_Handler               [WEAK
]
  137 00000008 E7FE            B                .
  138 0000000A                 ENDP
  140 0000000A         HardFault_Handler
                               PROC
  141 0000000A                 EXPORT           HardFault_Handler         [WEAK
]
  142 0000000A E7FE            B                .
  143 0000000C                 ENDP
  145 0000000C         MemManage_Handler
                               PROC
  146 0000000C                 EXPORT           MemManage_Handler         [WEAK
]
  147 0000000C E7FE            B                .
  148 0000000E                 ENDP
  150 0000000E         BusFault_Handler
                               PROC
  151 0000000E                 EXPORT           BusFault_Handler          [WEAK
]
  152 0000000E E7FE            B                .
  153 00000010                 ENDP
  155 00000010         UsageFault_Handler
                               PROC
  156 00000010                 EXPORT           UsageFault_Handler        [WEAK
]
  157 00000010 E7FE            B                .
  158 00000012                 ENDP
  159 00000012         SVC_Handler
                               PROC
  160 00000012                 EXPORT           SVC_Handler               [WEAK
]
  161 00000012 E7FE            B                .
  162 00000014                 ENDP
  164 00000014         DebugMon_Handler
                               PROC
  165 00000014                 EXPORT           DebugMon_Handler          [WEAK
]
  166 00000014 E7FE            B                .
  167 00000016                 ENDP
  168 00000016         PendSV_Handler
                               PROC
  169 00000016                 EXPORT           PendSV_Handler            [WEAK
]



ARM Macro Assembler    Page 5 


  170 00000016 E7FE            B                .
  171 00000018                 ENDP
  172 00000018         SysTick_Handler
                               PROC
  173 00000018                 EXPORT           SysTick_Handler           [WEAK
]
  174 00000018 E7FE            B                .
  175 0000001A                 ENDP
  176 0000001A         UnHandled_Vector
                               PROC
  177 0000001A                 EXPORT           UnHandled_Vector          [WEAK
]
  178 0000001A E7FE            B                .
  179 0000001C                 ENDP
  180 0000001C         
  181 0000001C         Default_Handler
                               PROC
  182 0000001C         
  183 0000001C                 EXPORT           WDT_IRQHandler            [WEAK
]
  184 0000001C                 EXPORT           TIMER0_IRQHandler         [WEAK
]
  185 0000001C                 EXPORT           TIMER1_IRQHandler         [WEAK
]
  186 0000001C                 EXPORT           TIMER2_IRQHandler         [WEAK
]
  187 0000001C                 EXPORT           TIMER3_IRQHandler         [WEAK
]
  188 0000001C                 EXPORT           UART0_IRQHandler          [WEAK
]
  189 0000001C                 EXPORT           UART1_IRQHandler          [WEAK
]
  190 0000001C                 EXPORT           UART2_IRQHandler          [WEAK
]
  191 0000001C                 EXPORT           UART3_IRQHandler          [WEAK
]
  192 0000001C                 EXPORT           PWM1_IRQHandler           [WEAK
]
  193 0000001C                 EXPORT           I2C0_IRQHandler           [WEAK
]
  194 0000001C                 EXPORT           I2C1_IRQHandler           [WEAK
]
  195 0000001C                 EXPORT           I2C2_IRQHandler           [WEAK
]
  196 0000001C                 EXPORT           SPI_IRQHandler            [WEAK
]
  197 0000001C                 EXPORT           SSP0_IRQHandler           [WEAK
]
  198 0000001C                 EXPORT           SSP1_IRQHandler           [WEAK
]
  199 0000001C                 EXPORT           PLL0_IRQHandler           [WEAK
]
  200 0000001C                 EXPORT           RTC_IRQHandler            [WEAK
]
  201 0000001C                 EXPORT           EINT0_IRQHandler          [WEAK
]
  202 0000001C                 EXPORT           EINT1_IRQHandler          [WEAK
]
  203 0000001C                 EXPORT           EINT2_IRQHandler          [WEAK



ARM Macro Assembler    Page 6 


]
  204 0000001C                 EXPORT           EINT3_IRQHandler          [WEAK
]
  205 0000001C                 EXPORT           ADC_IRQHandler            [WEAK
]
  206 0000001C                 EXPORT           BOD_IRQHandler            [WEAK
]
  207 0000001C                 EXPORT           USB_IRQHandler            [WEAK
]
  208 0000001C                 EXPORT           CAN_IRQHandler            [WEAK
]
  209 0000001C                 EXPORT           DMA_IRQHandler            [WEAK
]
  210 0000001C                 EXPORT           I2S_IRQHandler            [WEAK
]
  211 0000001C                 EXPORT           ETH_IRQHandler            [WEAK
]
  212 0000001C                 EXPORT           SDIO_IRQHandler            [WEA
K]
  213 0000001C                 EXPORT           MCPWM_IRQHandler          [WEAK
]
  214 0000001C                 EXPORT           QEI_IRQHandler            [WEAK
]
  215 0000001C                 EXPORT           PLL1_IRQHandler           [WEAK
]
  216 0000001C                 EXPORT           USBActivity_IRQHandler    [WEAK
]
  217 0000001C                 EXPORT           CANActivity_IRQHandler    [WEAK
]
  218 0000001C                 EXPORT           UART4_IRQHandler          [WEAK
]
  219 0000001C                 EXPORT           SSP2_IRQHandler           [WEAK
]
  220 0000001C                 EXPORT           LCD_IRQHandler            [WEAK
]
  221 0000001C                 EXPORT           GPIO_IRQHandler           [WEAK
]
  222 0000001C                 EXPORT           PWM0_IRQHandler           [WEAK
]
  223 0000001C                 EXPORT           EEPROM_IRQHandler         [WEAK
]
  224 0000001C         WDT_IRQHandler
  225 0000001C         TIMER0_IRQHandler
  226 0000001C         TIMER1_IRQHandler
  227 0000001C         TIMER2_IRQHandler
  228 0000001C         TIMER3_IRQHandler
  229 0000001C         UART0_IRQHandler
  230 0000001C         UART1_IRQHandler
  231 0000001C         UART2_IRQHandler
  232 0000001C         UART3_IRQHandler
  233 0000001C         PWM1_IRQHandler
  234 0000001C         I2C0_IRQHandler
  235 0000001C         I2C1_IRQHandler
  236 0000001C         I2C2_IRQHandler
  237 0000001C         SPI_IRQHandler
  238 0000001C         SSP0_IRQHandler
  239 0000001C         SSP1_IRQHandler
  240 0000001C         PLL0_IRQHandler
  241 0000001C         RTC_IRQHandler



ARM Macro Assembler    Page 7 


  242 0000001C         EINT0_IRQHandler
  243 0000001C         EINT1_IRQHandler
  244 0000001C         EINT2_IRQHandler
  245 0000001C         EINT3_IRQHandler
  246 0000001C         ADC_IRQHandler
  247 0000001C         BOD_IRQHandler
  248 0000001C         USB_IRQHandler
  249 0000001C         CAN_IRQHandler
  250 0000001C         DMA_IRQHandler
  251 0000001C         I2S_IRQHandler
  252 0000001C         ETH_IRQHandler
  253 0000001C         SDIO_IRQHandler
  254 0000001C         MCPWM_IRQHandler
  255 0000001C         QEI_IRQHandler
  256 0000001C         PLL1_IRQHandler
  257 0000001C         USBActivity_IRQHandler
  258 0000001C         CANActivity_IRQHandler
  259 0000001C         UART4_IRQHandler
  260 0000001C         SSP2_IRQHandler
  261 0000001C         LCD_IRQHandler
  262 0000001C         GPIO_IRQHandler
  263 0000001C         PWM0_IRQHandler
  264 0000001C         EEPROM_IRQHandler
  265 0000001C         
  266 0000001C E7FE            B                .
  267 0000001E         
  268 0000001E                 ENDP
  269 0000001E         
  270 0000001E 00 00           ALIGN
  271 00000020         
  272 00000020         ; User Initial Stack & Heap
  273 00000020         
  274 00000020                 IF               :DEF:__MICROLIB
  281 00000020         
  282 00000020                 IMPORT           __use_two_region_memory
  283 00000020                 EXPORT           __user_initial_stackheap
  284 00000020         __user_initial_stackheap
  285 00000020         
  286 00000020 4804            LDR              R0, =  Heap_Mem
  287 00000022 4905            LDR              R1, =(Stack_Mem + Stack_Size)
  288 00000024 4A05            LDR              R2, = (Heap_Mem +  Heap_Size)
  289 00000026 4B06            LDR              R3, = Stack_Mem
  290 00000028 4770            BX               LR
  291 0000002A         
  292 0000002A 00 00           ALIGN
  293 0000002C         
  294 0000002C                 ENDIF
  295 0000002C         
  296 0000002C                 END
              00000000 
              00000000 
              00000000 
              00000800 
              00000100 
              00000000 
Command Line: --debug --xref --diag_suppress=9931 --cpu=Cortex-M4.fp.sp --apcs=
interwork --depend=.\objects\keil_startup_lpc40xx.d -o.\objects\keil_startup_lp
c40xx.o -I.\RTE\_LED -IE:\Packs\ARM\CMSIS\5.7.0\CMSIS\Core\Include -IE:\Packs\K
eil\LPC4000_DFP\2.1.0\Device\Include --predefine="__UVISION_VERSION SETA 530" -



ARM Macro Assembler    Page 8 


-predefine="_RTE_ SETA 1" --predefine="CORE_M4 SETA 1" --predefine="_RTE_ SETA 
1" --list=.\listings\keil_startup_lpc40xx.lst ..\Startup\keil_startup_lpc40xx.s



ARM Macro Assembler    Page 1 Alphabetic symbol ordering
Relocatable symbols

STACK 00000000

Symbol: STACK
   Definitions
      At line 28 in file ..\Startup\keil_startup_lpc40xx.s
   Uses
      None
Comment: STACK unused
Stack_Mem 00000000

Symbol: Stack_Mem
   Definitions
      At line 29 in file ..\Startup\keil_startup_lpc40xx.s
   Uses
      At line 287 in file ..\Startup\keil_startup_lpc40xx.s
      At line 289 in file ..\Startup\keil_startup_lpc40xx.s

__initial_sp 00000800

Symbol: __initial_sp
   Definitions
      At line 30 in file ..\Startup\keil_startup_lpc40xx.s
   Uses
      At line 53 in file ..\Startup\keil_startup_lpc40xx.s
Comment: __initial_sp used once
3 symbols



ARM Macro Assembler    Page 1 Alphabetic symbol ordering
Relocatable symbols

HEAP 00000000

Symbol: HEAP
   Definitions
      At line 38 in file ..\Startup\keil_startup_lpc40xx.s
   Uses
      None
Comment: HEAP unused
Heap_Mem 00000000

Symbol: Heap_Mem
   Definitions
      At line 40 in file ..\Startup\keil_startup_lpc40xx.s
   Uses
      At line 286 in file ..\Startup\keil_startup_lpc40xx.s
      At line 288 in file ..\Startup\keil_startup_lpc40xx.s

__heap_base 00000000

Symbol: __heap_base
   Definitions
      At line 39 in file ..\Startup\keil_startup_lpc40xx.s
   Uses
      None
Comment: __heap_base unused
__heap_limit 00000100

Symbol: __heap_limit
   Definitions
      At line 41 in file ..\Startup\keil_startup_lpc40xx.s
   Uses
      None
Comment: __heap_limit unused
4 symbols



ARM Macro Assembler    Page 1 Alphabetic symbol ordering
Relocatable symbols

RESET 00000000

Symbol: RESET
   Definitions
      At line 48 in file ..\Startup\keil_startup_lpc40xx.s
   Uses
      None
Comment: RESET unused
__Vectors 00000000

Symbol: __Vectors
   Definitions
      At line 53 in file ..\Startup\keil_startup_lpc40xx.s
   Uses
      At line 49 in file ..\Startup\keil_startup_lpc40xx.s
Comment: __Vectors used once
2 symbols



ARM Macro Assembler    Page 1 Alphabetic symbol ordering
Relocatable symbols

.text 00000000

Symbol: .text
   Definitions
      At line 119 in file ..\Startup\keil_startup_lpc40xx.s
   Uses
      None
Comment: .text unused
ADC_IRQHandler 0000001C

Symbol: ADC_IRQHandler
   Definitions
      At line 246 in file ..\Startup\keil_startup_lpc40xx.s
   Uses
      At line 94 in file ..\Startup\keil_startup_lpc40xx.s
      At line 205 in file ..\Startup\keil_startup_lpc40xx.s

BOD_IRQHandler 0000001C

Symbol: BOD_IRQHandler
   Definitions
      At line 247 in file ..\Startup\keil_startup_lpc40xx.s
   Uses
      At line 95 in file ..\Startup\keil_startup_lpc40xx.s
      At line 206 in file ..\Startup\keil_startup_lpc40xx.s

BusFault_Handler 0000000E

Symbol: BusFault_Handler
   Definitions
      At line 150 in file ..\Startup\keil_startup_lpc40xx.s
   Uses
      At line 58 in file ..\Startup\keil_startup_lpc40xx.s
      At line 151 in file ..\Startup\keil_startup_lpc40xx.s

CANActivity_IRQHandler 0000001C

Symbol: CANActivity_IRQHandler
   Definitions
      At line 258 in file ..\Startup\keil_startup_lpc40xx.s
   Uses
      At line 106 in file ..\Startup\keil_startup_lpc40xx.s
      At line 217 in file ..\Startup\keil_startup_lpc40xx.s

CAN_IRQHandler 0000001C

Symbol: CAN_IRQHandler
   Definitions
      At line 249 in file ..\Startup\keil_startup_lpc40xx.s
   Uses
      At line 97 in file ..\Startup\keil_startup_lpc40xx.s
      At line 208 in file ..\Startup\keil_startup_lpc40xx.s

DMA_IRQHandler 0000001C

Symbol: DMA_IRQHandler
   Definitions
      At line 250 in file ..\Startup\keil_startup_lpc40xx.s
   Uses



ARM Macro Assembler    Page 2 Alphabetic symbol ordering
Relocatable symbols

      At line 98 in file ..\Startup\keil_startup_lpc40xx.s
      At line 209 in file ..\Startup\keil_startup_lpc40xx.s

DebugMon_Handler 00000014

Symbol: DebugMon_Handler
   Definitions
      At line 164 in file ..\Startup\keil_startup_lpc40xx.s
   Uses
      At line 65 in file ..\Startup\keil_startup_lpc40xx.s
      At line 165 in file ..\Startup\keil_startup_lpc40xx.s

Default_Handler 0000001C

Symbol: Default_Handler
   Definitions
      At line 181 in file ..\Startup\keil_startup_lpc40xx.s
   Uses
      None
Comment: Default_Handler unused
EEPROM_IRQHandler 0000001C

Symbol: EEPROM_IRQHandler
   Definitions
      At line 264 in file ..\Startup\keil_startup_lpc40xx.s
   Uses
      At line 112 in file ..\Startup\keil_startup_lpc40xx.s
      At line 223 in file ..\Startup\keil_startup_lpc40xx.s

EINT0_IRQHandler 0000001C

Symbol: EINT0_IRQHandler
   Definitions
      At line 242 in file ..\Startup\keil_startup_lpc40xx.s
   Uses
      At line 90 in file ..\Startup\keil_startup_lpc40xx.s
      At line 201 in file ..\Startup\keil_startup_lpc40xx.s

EINT1_IRQHandler 0000001C

Symbol: EINT1_IRQHandler
   Definitions
      At line 243 in file ..\Startup\keil_startup_lpc40xx.s
   Uses
      At line 91 in file ..\Startup\keil_startup_lpc40xx.s
      At line 202 in file ..\Startup\keil_startup_lpc40xx.s

EINT2_IRQHandler 0000001C

Symbol: EINT2_IRQHandler
   Definitions
      At line 244 in file ..\Startup\keil_startup_lpc40xx.s
   Uses
      At line 92 in file ..\Startup\keil_startup_lpc40xx.s
      At line 203 in file ..\Startup\keil_startup_lpc40xx.s

EINT3_IRQHandler 0000001C

Symbol: EINT3_IRQHandler



ARM Macro Assembler    Page 3 Alphabetic symbol ordering
Relocatable symbols

   Definitions
      At line 245 in file ..\Startup\keil_startup_lpc40xx.s
   Uses
      At line 93 in file ..\Startup\keil_startup_lpc40xx.s
      At line 204 in file ..\Startup\keil_startup_lpc40xx.s

ETH_IRQHandler 0000001C

Symbol: ETH_IRQHandler
   Definitions
      At line 252 in file ..\Startup\keil_startup_lpc40xx.s
   Uses
      At line 100 in file ..\Startup\keil_startup_lpc40xx.s
      At line 211 in file ..\Startup\keil_startup_lpc40xx.s

GPIO_IRQHandler 0000001C

Symbol: GPIO_IRQHandler
   Definitions
      At line 262 in file ..\Startup\keil_startup_lpc40xx.s
   Uses
      At line 110 in file ..\Startup\keil_startup_lpc40xx.s
      At line 221 in file ..\Startup\keil_startup_lpc40xx.s

HardFault_Handler 0000000A

Symbol: HardFault_Handler
   Definitions
      At line 140 in file ..\Startup\keil_startup_lpc40xx.s
   Uses
      At line 56 in file ..\Startup\keil_startup_lpc40xx.s
      At line 141 in file ..\Startup\keil_startup_lpc40xx.s

I2C0_IRQHandler 0000001C

Symbol: I2C0_IRQHandler
   Definitions
      At line 234 in file ..\Startup\keil_startup_lpc40xx.s
   Uses
      At line 82 in file ..\Startup\keil_startup_lpc40xx.s
      At line 193 in file ..\Startup\keil_startup_lpc40xx.s

I2C1_IRQHandler 0000001C

Symbol: I2C1_IRQHandler
   Definitions
      At line 235 in file ..\Startup\keil_startup_lpc40xx.s
   Uses
      At line 83 in file ..\Startup\keil_startup_lpc40xx.s
      At line 194 in file ..\Startup\keil_startup_lpc40xx.s

I2C2_IRQHandler 0000001C

Symbol: I2C2_IRQHandler
   Definitions
      At line 236 in file ..\Startup\keil_startup_lpc40xx.s
   Uses
      At line 84 in file ..\Startup\keil_startup_lpc40xx.s
      At line 195 in file ..\Startup\keil_startup_lpc40xx.s



ARM Macro Assembler    Page 4 Alphabetic symbol ordering
Relocatable symbols


I2S_IRQHandler 0000001C

Symbol: I2S_IRQHandler
   Definitions
      At line 251 in file ..\Startup\keil_startup_lpc40xx.s
   Uses
      At line 99 in file ..\Startup\keil_startup_lpc40xx.s
      At line 210 in file ..\Startup\keil_startup_lpc40xx.s

LCD_IRQHandler 0000001C

Symbol: LCD_IRQHandler
   Definitions
      At line 261 in file ..\Startup\keil_startup_lpc40xx.s
   Uses
      At line 109 in file ..\Startup\keil_startup_lpc40xx.s
      At line 220 in file ..\Startup\keil_startup_lpc40xx.s

MCPWM_IRQHandler 0000001C

Symbol: MCPWM_IRQHandler
   Definitions
      At line 254 in file ..\Startup\keil_startup_lpc40xx.s
   Uses
      At line 102 in file ..\Startup\keil_startup_lpc40xx.s
      At line 213 in file ..\Startup\keil_startup_lpc40xx.s

MemManage_Handler 0000000C

Symbol: MemManage_Handler
   Definitions
      At line 145 in file ..\Startup\keil_startup_lpc40xx.s
   Uses
      At line 57 in file ..\Startup\keil_startup_lpc40xx.s
      At line 146 in file ..\Startup\keil_startup_lpc40xx.s

NMI_Handler 00000008

Symbol: NMI_Handler
   Definitions
      At line 135 in file ..\Startup\keil_startup_lpc40xx.s
   Uses
      At line 55 in file ..\Startup\keil_startup_lpc40xx.s
      At line 136 in file ..\Startup\keil_startup_lpc40xx.s

PLL0_IRQHandler 0000001C

Symbol: PLL0_IRQHandler
   Definitions
      At line 240 in file ..\Startup\keil_startup_lpc40xx.s
   Uses
      At line 88 in file ..\Startup\keil_startup_lpc40xx.s
      At line 199 in file ..\Startup\keil_startup_lpc40xx.s

PLL1_IRQHandler 0000001C

Symbol: PLL1_IRQHandler
   Definitions



ARM Macro Assembler    Page 5 Alphabetic symbol ordering
Relocatable symbols

      At line 256 in file ..\Startup\keil_startup_lpc40xx.s
   Uses
      At line 104 in file ..\Startup\keil_startup_lpc40xx.s
      At line 215 in file ..\Startup\keil_startup_lpc40xx.s

PWM0_IRQHandler 0000001C

Symbol: PWM0_IRQHandler
   Definitions
      At line 263 in file ..\Startup\keil_startup_lpc40xx.s
   Uses
      At line 111 in file ..\Startup\keil_startup_lpc40xx.s
      At line 222 in file ..\Startup\keil_startup_lpc40xx.s

PWM1_IRQHandler 0000001C

Symbol: PWM1_IRQHandler
   Definitions
      At line 233 in file ..\Startup\keil_startup_lpc40xx.s
   Uses
      At line 81 in file ..\Startup\keil_startup_lpc40xx.s
      At line 192 in file ..\Startup\keil_startup_lpc40xx.s

PendSV_Handler 00000016

Symbol: PendSV_Handler
   Definitions
      At line 168 in file ..\Startup\keil_startup_lpc40xx.s
   Uses
      At line 67 in file ..\Startup\keil_startup_lpc40xx.s
      At line 169 in file ..\Startup\keil_startup_lpc40xx.s

QEI_IRQHandler 0000001C

Symbol: QEI_IRQHandler
   Definitions
      At line 255 in file ..\Startup\keil_startup_lpc40xx.s
   Uses
      At line 103 in file ..\Startup\keil_startup_lpc40xx.s
      At line 214 in file ..\Startup\keil_startup_lpc40xx.s

RTC_IRQHandler 0000001C

Symbol: RTC_IRQHandler
   Definitions
      At line 241 in file ..\Startup\keil_startup_lpc40xx.s
   Uses
      At line 89 in file ..\Startup\keil_startup_lpc40xx.s
      At line 200 in file ..\Startup\keil_startup_lpc40xx.s

Reset_Handler 00000000

Symbol: Reset_Handler
   Definitions
      At line 123 in file ..\Startup\keil_startup_lpc40xx.s
   Uses
      At line 54 in file ..\Startup\keil_startup_lpc40xx.s
      At line 124 in file ..\Startup\keil_startup_lpc40xx.s




ARM Macro Assembler    Page 6 Alphabetic symbol ordering
Relocatable symbols

SDIO_IRQHandler 0000001C

Symbol: SDIO_IRQHandler
   Definitions
      At line 253 in file ..\Startup\keil_startup_lpc40xx.s
   Uses
      At line 101 in file ..\Startup\keil_startup_lpc40xx.s
      At line 212 in file ..\Startup\keil_startup_lpc40xx.s

SPI_IRQHandler 0000001C

Symbol: SPI_IRQHandler
   Definitions
      At line 237 in file ..\Startup\keil_startup_lpc40xx.s
   Uses
      At line 196 in file ..\Startup\keil_startup_lpc40xx.s
Comment: SPI_IRQHandler used once
SSP0_IRQHandler 0000001C

Symbol: SSP0_IRQHandler
   Definitions
      At line 238 in file ..\Startup\keil_startup_lpc40xx.s
   Uses
      At line 86 in file ..\Startup\keil_startup_lpc40xx.s
      At line 197 in file ..\Startup\keil_startup_lpc40xx.s

SSP1_IRQHandler 0000001C

Symbol: SSP1_IRQHandler
   Definitions
      At line 239 in file ..\Startup\keil_startup_lpc40xx.s
   Uses
      At line 87 in file ..\Startup\keil_startup_lpc40xx.s
      At line 198 in file ..\Startup\keil_startup_lpc40xx.s

SSP2_IRQHandler 0000001C

Symbol: SSP2_IRQHandler
   Definitions
      At line 260 in file ..\Startup\keil_startup_lpc40xx.s
   Uses
      At line 108 in file ..\Startup\keil_startup_lpc40xx.s
      At line 219 in file ..\Startup\keil_startup_lpc40xx.s

SVC_Handler 00000012

Symbol: SVC_Handler
   Definitions
      At line 159 in file ..\Startup\keil_startup_lpc40xx.s
   Uses
      At line 64 in file ..\Startup\keil_startup_lpc40xx.s
      At line 160 in file ..\Startup\keil_startup_lpc40xx.s

SysTick_Handler 00000018

Symbol: SysTick_Handler
   Definitions
      At line 172 in file ..\Startup\keil_startup_lpc40xx.s
   Uses



ARM Macro Assembler    Page 7 Alphabetic symbol ordering
Relocatable symbols

      At line 68 in file ..\Startup\keil_startup_lpc40xx.s
      At line 173 in file ..\Startup\keil_startup_lpc40xx.s

TIMER0_IRQHandler 0000001C

Symbol: TIMER0_IRQHandler
   Definitions
      At line 225 in file ..\Startup\keil_startup_lpc40xx.s
   Uses
      At line 73 in file ..\Startup\keil_startup_lpc40xx.s
      At line 184 in file ..\Startup\keil_startup_lpc40xx.s

TIMER1_IRQHandler 0000001C

Symbol: TIMER1_IRQHandler
   Definitions
      At line 226 in file ..\Startup\keil_startup_lpc40xx.s
   Uses
      At line 74 in file ..\Startup\keil_startup_lpc40xx.s
      At line 185 in file ..\Startup\keil_startup_lpc40xx.s

TIMER2_IRQHandler 0000001C

Symbol: TIMER2_IRQHandler
   Definitions
      At line 227 in file ..\Startup\keil_startup_lpc40xx.s
   Uses
      At line 75 in file ..\Startup\keil_startup_lpc40xx.s
      At line 186 in file ..\Startup\keil_startup_lpc40xx.s

TIMER3_IRQHandler 0000001C

Symbol: TIMER3_IRQHandler
   Definitions
      At line 228 in file ..\Startup\keil_startup_lpc40xx.s
   Uses
      At line 76 in file ..\Startup\keil_startup_lpc40xx.s
      At line 187 in file ..\Startup\keil_startup_lpc40xx.s

UART0_IRQHandler 0000001C

Symbol: UART0_IRQHandler
   Definitions
      At line 229 in file ..\Startup\keil_startup_lpc40xx.s
   Uses
      At line 77 in file ..\Startup\keil_startup_lpc40xx.s
      At line 188 in file ..\Startup\keil_startup_lpc40xx.s

UART1_IRQHandler 0000001C

Symbol: UART1_IRQHandler
   Definitions
      At line 230 in file ..\Startup\keil_startup_lpc40xx.s
   Uses
      At line 78 in file ..\Startup\keil_startup_lpc40xx.s
      At line 189 in file ..\Startup\keil_startup_lpc40xx.s

UART2_IRQHandler 0000001C




ARM Macro Assembler    Page 8 Alphabetic symbol ordering
Relocatable symbols

Symbol: UART2_IRQHandler
   Definitions
      At line 231 in file ..\Startup\keil_startup_lpc40xx.s
   Uses
      At line 79 in file ..\Startup\keil_startup_lpc40xx.s
      At line 190 in file ..\Startup\keil_startup_lpc40xx.s

UART3_IRQHandler 0000001C

Symbol: UART3_IRQHandler
   Definitions
      At line 232 in file ..\Startup\keil_startup_lpc40xx.s
   Uses
      At line 80 in file ..\Startup\keil_startup_lpc40xx.s
      At line 191 in file ..\Startup\keil_startup_lpc40xx.s

UART4_IRQHandler 0000001C

Symbol: UART4_IRQHandler
   Definitions
      At line 259 in file ..\Startup\keil_startup_lpc40xx.s
   Uses
      At line 107 in file ..\Startup\keil_startup_lpc40xx.s
      At line 218 in file ..\Startup\keil_startup_lpc40xx.s

USBActivity_IRQHandler 0000001C

Symbol: USBActivity_IRQHandler
   Definitions
      At line 257 in file ..\Startup\keil_startup_lpc40xx.s
   Uses
      At line 105 in file ..\Startup\keil_startup_lpc40xx.s
      At line 216 in file ..\Startup\keil_startup_lpc40xx.s

USB_IRQHandler 0000001C

Symbol: USB_IRQHandler
   Definitions
      At line 248 in file ..\Startup\keil_startup_lpc40xx.s
   Uses
      At line 96 in file ..\Startup\keil_startup_lpc40xx.s
      At line 207 in file ..\Startup\keil_startup_lpc40xx.s

UnHandled_Vector 0000001A

Symbol: UnHandled_Vector
   Definitions
      At line 176 in file ..\Startup\keil_startup_lpc40xx.s
   Uses
      At line 61 in file ..\Startup\keil_startup_lpc40xx.s
      At line 62 in file ..\Startup\keil_startup_lpc40xx.s
      At line 63 in file ..\Startup\keil_startup_lpc40xx.s
      At line 66 in file ..\Startup\keil_startup_lpc40xx.s
      At line 85 in file ..\Startup\keil_startup_lpc40xx.s
      At line 177 in file ..\Startup\keil_startup_lpc40xx.s

UsageFault_Handler 00000010

Symbol: UsageFault_Handler



ARM Macro Assembler    Page 9 Alphabetic symbol ordering
Relocatable symbols

   Definitions
      At line 155 in file ..\Startup\keil_startup_lpc40xx.s
   Uses
      At line 59 in file ..\Startup\keil_startup_lpc40xx.s
      At line 156 in file ..\Startup\keil_startup_lpc40xx.s

WDT_IRQHandler 0000001C

Symbol: WDT_IRQHandler
   Definitions
      At line 224 in file ..\Startup\keil_startup_lpc40xx.s
   Uses
      At line 72 in file ..\Startup\keil_startup_lpc40xx.s
      At line 183 in file ..\Startup\keil_startup_lpc40xx.s

__user_initial_stackheap 00000020

Symbol: __user_initial_stackheap
   Definitions
      At line 284 in file ..\Startup\keil_startup_lpc40xx.s
   Uses
      At line 283 in file ..\Startup\keil_startup_lpc40xx.s
Comment: __user_initial_stackheap used once
55 symbols



ARM Macro Assembler    Page 1 Alphabetic symbol ordering
Absolute symbols

Heap_Size 00000100

Symbol: Heap_Size
   Definitions
      At line 36 in file ..\Startup\keil_startup_lpc40xx.s
   Uses
      At line 40 in file ..\Startup\keil_startup_lpc40xx.s
      At line 288 in file ..\Startup\keil_startup_lpc40xx.s

Sign_Value 5A5A5A5A

Symbol: Sign_Value
   Definitions
      At line 51 in file ..\Startup\keil_startup_lpc40xx.s
   Uses
      At line 60 in file ..\Startup\keil_startup_lpc40xx.s
Comment: Sign_Value used once
Stack_Size 00000800

Symbol: Stack_Size
   Definitions
      At line 26 in file ..\Startup\keil_startup_lpc40xx.s
   Uses
      At line 29 in file ..\Startup\keil_startup_lpc40xx.s
      At line 287 in file ..\Startup\keil_startup_lpc40xx.s

3 symbols



ARM Macro Assembler    Page 1 Alphabetic symbol ordering
External symbols

SystemInit 00000000

Symbol: SystemInit
   Definitions
      At line 126 in file ..\Startup\keil_startup_lpc40xx.s
   Uses
      At line 127 in file ..\Startup\keil_startup_lpc40xx.s
Comment: SystemInit used once
__main 00000000

Symbol: __main
   Definitions
      At line 125 in file ..\Startup\keil_startup_lpc40xx.s
   Uses
      At line 129 in file ..\Startup\keil_startup_lpc40xx.s
Comment: __main used once
__use_two_region_memory 00000000

Symbol: __use_two_region_memory
   Definitions
      At line 282 in file ..\Startup\keil_startup_lpc40xx.s
   Uses
      None
Comment: __use_two_region_memory unused
3 symbols
408 symbols in table
